# JRE version: Java(TM) SE Runtime Environment (24.0.1+9) (build 24.0.1+9-30)
# Java VM: Java HotSpot(TM) 64-Bit Server VM (24.0.1+9-30, mixed mode, emulated-client, sharing, tiered, compressed oops, compressed class ptrs, g1 gc, windows-amd64)
GC Precious Log:
 CardTable entry size: 512
 Card Set container configuration: InlinePtr #cards 5 size 8 Array Of Cards #cards 10 size 36 Howl #buckets 4 coarsen threshold 1843 Howl Bitmap #cards 512 size 80 coarsen threshold 460 Card regions per heap region 1 cards per card region 2048
 CPUs: 8 total, 8 available
 Memory: 7915M
 Large Page Support: Disabled
 NUMA Support: Disabled
 Compressed Oops: Enabled (32-bit)
 Heap Region Size: 1M
 Heap Min Capacity: 8M
 Heap Initial Capacity: 124M
 Heap Max Capacity: 1980M
 Pre-touch: Disabled
 Parallel Workers: 8
 Concurrent Workers: 2
 Concurrent Refinement Workers: 8
 Periodic GC: Disabled
Heap:
 garbage-first heap   total reserved 2027520K, committed 192512K, used 132608K [0x0000000084400000, 0x0000000100000000)
  region size 1024K, 6 young (6144K), 6 survivors (6144K)
 Metaspace       used 73127K, committed 73728K, reserved 1114112K
  class space    used 8737K, committed 8960K, reserved 1048576K
GC Heap History (20 events):
Event: 9.850 GC heap after
{Heap after GC invocations=16 (full 0):
 garbage-first heap   total reserved 2027520K, committed 84992K, used 39303K [0x0000000084400000, 0x0000000100000000)
  region size 1024K, 6 young (6144K), 6 survivors (6144K)
 Metaspace       used 71535K, committed 72128K, reserved 1114112K
  class space    used 8359K, committed 8576K, reserved 1048576K
}
Event: 9.908 GC heap before
{Heap before GC invocations=16 (full 0):
 garbage-first heap   total reserved 2027520K, committed 84992K, used 73095K [0x0000000084400000, 0x0000000100000000)
  region size 1024K, 39 young (39936K), 6 survivors (6144K)
 Metaspace       used 71535K, committed 72128K, reserved 1114112K
  class space    used 8359K, committed 8576K, reserved 1048576K
}
Event: 9.921 GC heap after
{Heap after GC invocations=17 (full 0):
 garbage-first heap   total reserved 2027520K, committed 92160K, used 51837K [0x0000000084400000, 0x0000000100000000)
  region size 1024K, 5 young (5120K), 5 survivors (5120K)
 Metaspace       used 71535K, committed 72128K, reserved 1114112K
  class space    used 8359K, committed 8576K, reserved 1048576K
}
Event: 9.993 GC heap before
{Heap before GC invocations=18 (full 0):
 garbage-first heap   total reserved 2027520K, committed 92160K, used 78461K [0x0000000084400000, 0x0000000100000000)
  region size 1024K, 30 young (30720K), 5 survivors (5120K)
 Metaspace       used 71535K, committed 72128K, reserved 1114112K
  class space    used 8359K, committed 8576K, reserved 1048576K
}
Event: 10.003 GC heap after
{Heap after GC invocations=19 (full 0):
 garbage-first heap   total reserved 2027520K, committed 93184K, used 62096K [0x0000000084400000, 0x0000000100000000)
  region size 1024K, 4 young (4096K), 4 survivors (4096K)
 Metaspace       used 71535K, committed 72128K, reserved 1114112K
  class space    used 8359K, committed 8576K, reserved 1048576K
}
Event: 10.031 GC heap before
{Heap before GC invocations=19 (full 0):
 garbage-first heap   total reserved 2027520K, committed 93184K, used 80528K [0x0000000084400000, 0x0000000100000000)
  region size 1024K, 22 young (22528K), 4 survivors (4096K)
 Metaspace       used 71535K, committed 72128K, reserved 1114112K
  class space    used 8359K, committed 8576K, reserved 1048576K
}
Event: 10.042 GC heap after
{Heap after GC invocations=20 (full 0):
 garbage-first heap   total reserved 2027520K, committed 93184K, used 69224K [0x0000000084400000, 0x0000000100000000)
  region size 1024K, 3 young (3072K), 3 survivors (3072K)
 Metaspace       used 71535K, committed 72128K, reserved 1114112K
  class space    used 8359K, committed 8576K, reserved 1048576K
}
Event: 10.062 GC heap before
{Heap before GC invocations=20 (full 0):
 garbage-first heap   total reserved 2027520K, committed 93184K, used 81512K [0x0000000084400000, 0x0000000100000000)
  region size 1024K, 15 young (15360K), 3 survivors (3072K)
 Metaspace       used 71535K, committed 72128K, reserved 1114112K
  class space    used 8359K, committed 8576K, reserved 1048576K
}
Event: 10.069 GC heap after
{Heap after GC invocations=21 (full 0):
 garbage-first heap   total reserved 2027520K, committed 192512K, used 74564K [0x0000000084400000, 0x0000000100000000)
  region size 1024K, 2 young (2048K), 2 survivors (2048K)
 Metaspace       used 71535K, committed 72128K, reserved 1114112K
  class space    used 8359K, committed 8576K, reserved 1048576K
}
Event: 10.738 GC heap before
{Heap before GC invocations=22 (full 0):
 garbage-first heap   total reserved 2027520K, committed 192512K, used 137028K [0x0000000084400000, 0x0000000100000000)
  region size 1024K, 64 young (65536K), 2 survivors (2048K)
 Metaspace       used 73115K, committed 73664K, reserved 1114112K
  class space    used 8737K, committed 8960K, reserved 1048576K
}
Event: 10.747 GC heap after
{Heap after GC invocations=23 (full 0):
 garbage-first heap   total reserved 2027520K, committed 192512K, used 81711K [0x0000000084400000, 0x0000000100000000)
  region size 1024K, 8 young (8192K), 8 survivors (8192K)
 Metaspace       used 73115K, committed 73664K, reserved 1114112K
  class space    used 8737K, committed 8960K, reserved 1048576K
}
Event: 10.908 GC heap before
{Heap before GC invocations=23 (full 0):
 garbage-first heap   total reserved 2027520K, committed 192512K, used 143151K [0x0000000084400000, 0x0000000100000000)
  region size 1024K, 68 young (69632K), 8 survivors (8192K)
 Metaspace       used 73127K, committed 73728K, reserved 1114112K
  class space    used 8737K, committed 8960K, reserved 1048576K
}
Event: 10.922 GC heap after
{Heap after GC invocations=24 (full 0):
 garbage-first heap   total reserved 2027520K, committed 192512K, used 94095K [0x0000000084400000, 0x0000000100000000)
  region size 1024K, 9 young (9216K), 9 survivors (9216K)
 Metaspace       used 73127K, committed 73728K, reserved 1114112K
  class space    used 8737K, committed 8960K, reserved 1048576K
}
Event: 10.992 GC heap before
{Heap before GC invocations=24 (full 0):
 garbage-first heap   total reserved 2027520K, committed 192512K, used 133007K [0x0000000084400000, 0x0000000100000000)
  region size 1024K, 48 young (49152K), 9 survivors (9216K)
 Metaspace       used 73127K, committed 73728K, reserved 1114112K
  class space    used 8737K, committed 8960K, reserved 1048576K
}
Event: 11.009 GC heap after
{Heap after GC invocations=25 (full 0):
 garbage-first heap   total reserved 2027520K, committed 192512K, used 110592K [0x0000000084400000, 0x0000000100000000)
  region size 1024K, 8 young (8192K), 8 survivors (8192K)
 Metaspace       used 73127K, committed 73728K, reserved 1114112K
  class space    used 8737K, committed 8960K, reserved 1048576K
}
Event: 11.126 GC heap before
{Heap before GC invocations=26 (full 0):
 garbage-first heap   total reserved 2027520K, committed 192512K, used 151552K [0x0000000084400000, 0x0000000100000000)
  region size 1024K, 52 young (53248K), 8 survivors (8192K)
 Metaspace       used 73127K, committed 73728K, reserved 1114112K
  class space    used 8737K, committed 8960K, reserved 1048576K
}
Event: 11.141 GC heap after
{Heap after GC invocations=27 (full 0):
 garbage-first heap   total reserved 2027520K, committed 192512K, used 126464K [0x0000000084400000, 0x0000000100000000)
  region size 1024K, 7 young (7168K), 7 survivors (7168K)
 Metaspace       used 73127K, committed 73728K, reserved 1114112K
  class space    used 8737K, committed 8960K, reserved 1048576K
}
Event: 11.202 GC heap before
{Heap before GC invocations=27 (full 0):
 garbage-first heap   total reserved 2027520K, committed 192512K, used 161280K [0x0000000084400000, 0x0000000100000000)
  region size 1024K, 41 young (41984K), 7 survivors (7168K)
 Metaspace       used 73127K, committed 73728K, reserved 1114112K
  class space    used 8737K, committed 8960K, reserved 1048576K
}
Event: 11.212 GC heap after
{Heap after GC invocations=28 (full 0):
 garbage-first heap   total reserved 2027520K, committed 192512K, used 119296K [0x0000000084400000, 0x0000000100000000)
  region size 1024K, 6 young (6144K), 6 survivors (6144K)
 Metaspace       used 73127K, committed 73728K, reserved 1114112K
  class space    used 8737K, committed 8960K, reserved 1048576K
}
Event: 11.270 GC heap before
{Heap before GC invocations=28 (full 0):
 garbage-first heap   total reserved 2027520K, committed 192512K, used 158208K [0x0000000084400000, 0x0000000100000000)
  region size 1024K, 44 young (45056K), 6 survivors (6144K)
 Metaspace       used 73127K, committed 73728K, reserved 1114112K
  class space    used 8737K, committed 8960K, reserved 1048576K
}

